<?xml version="1.0" encoding="UTF-8"?>
<!-- Generated by org.testng.reporters.JUnitReportReporter -->
<testsuite hostname="Android-PC" failures="0" tests="1" name="com.qa.test.BankTest" time="0.113" errors="0" timestamp="21 Apr 2022 11:34:28 GMT" skipped="0">
  <testcase classname="com.qa.test.BankTest" name="getAllBank" time="0.113"/>
</testsuite> <!-- com.qa.test.BankTest -->
