<?xml version="1.0" encoding="UTF-8"?>
<!-- Generated by org.testng.reporters.JUnitReportReporter -->
<testsuite hostname="Android-PC" failures="0" tests="1" name="com.qa.test.DocumentHeadTest" time="0.547" errors="0" timestamp="08 May 2022 08:53:53 GMT" skipped="0">
  <testcase classname="com.qa.test.DocumentHeadTest" name="deleteDocumentHead" time="0.547"/>
</testsuite> <!-- com.qa.test.DocumentHeadTest -->
