<?xml version="1.0" encoding="UTF-8"?>
<!-- Generated by org.testng.reporters.JUnitReportReporter -->
<testsuite skipped="0" hostname="Rakhi" name="com.qa.test.id" tests="1" failures="0" timestamp="07 Apr 2022 12:28:55 GMT" time="26.205" errors="0">
  <testcase name="bankID" time="26.205" classname="com.qa.test.id"/>
</testsuite> <!-- com.qa.test.id -->
